[2023-11-13T18:08:56.664139+00:00] MyLogger.INFO: Login correcto usuario: maria [] []
[2023-11-13T18:14:06.463910+00:00] MyLogger.WARNING: Login incorrecto usuario: maria [] []
[2023-11-13T18:14:13.989338+00:00] MyLogger.WARNING: Login incorrecto usuario: maria [] []
[2023-11-13T18:15:21.743393+00:00] MyLogger.WARNING: Login incorrecto usuario: maria [] []
[2023-11-13T18:15:55.947709+00:00] MyLogger.WARNING: Login incorrecto usuario: maria [] []
[2023-11-13T18:16:02.242849+00:00] MyLogger.INFO: Login correcto usuario: maria [] []
[2023-11-13T18:37:33.942100+00:00] MyLogger.WARNING: Login incorrecto usuario: maria [] []
[2023-11-13T18:37:38.905455+00:00] MyLogger.INFO: Login correcto usuario: maria [] []
[2023-11-13T18:48:31.303755+00:00] MyLogger.INFO: Login correcto usuario: vicent [] []
[2023-11-14T10:05:07.254297+00:00] MyLogger.INFO: Login correcto usuario: maria [] []
[2023-11-14T17:56:32.600081+00:00] MyLogger.INFO: Login correcto usuario: maria [] []
[2023-11-14T18:47:48.068520+00:00] MyLogger.INFO: Login correcto usuario: maria [] []
[2023-11-16T09:39:25.403320+00:00] MyLogger.INFO: Login correcto usuario: maria [] []
[2023-11-16T10:19:06.797948+00:00] MyLogger.INFO: Login correcto usuario: maria [] []
[2023-11-16T17:19:31.737887+00:00] MyLogger.INFO: Login correcto usuario: maria [] []
[2023-11-16T17:23:25.695710+00:00] MyLogger.INFO: Login correcto usuario: maria [] []
[2023-11-19T18:14:43.246022+00:00] MyLogger.INFO: Login correcto usuario: paula [] []
[2023-11-19T18:15:34.985229+00:00] MyLogger.INFO: Login correcto usuario: maria [] []
[2023-11-19T18:15:56.291311+00:00] MyLogger.WARNING: Login incorrecto usuario: paula [] []
[2023-11-19T18:16:04.116382+00:00] MyLogger.INFO: Login correcto usuario: paula [] []
[2023-11-19T18:18:11.338193+00:00] MyLogger.INFO: Login correcto usuario: paula [] []
[2023-11-19T18:26:08.921066+00:00] MyLogger.INFO: Login correcto usuario: maria [] []
[2023-11-19T18:30:02.953980+00:00] MyLogger.INFO: Login correcto usuario: maria [] []
[2023-11-19T18:30:15.591295+00:00] MyLogger.INFO: Login correcto usuario: paula [] []
[2023-11-19T18:30:26.788936+00:00] MyLogger.INFO: Login correcto usuario: ana [] []
[2023-11-19T18:30:37.623374+00:00] MyLogger.INFO: Login correcto usuario: ana maria [] []
[2023-11-19T18:30:55.691671+00:00] MyLogger.INFO: Login correcto usuario: maria [] []
[2023-11-19T18:51:37.433121+00:00] MyLogger.INFO: Login correcto usuario: maria [] []
[2023-11-19T19:00:24.716303+00:00] MyLogger.INFO: Login correcto usuario: maria [] []
[2023-11-19T19:00:33.135516+00:00] MyLogger.INFO: Login correcto usuario: maria [] []
[2023-11-19T19:00:42.505888+00:00] MyLogger.WARNING: Login incorrecto usuario: paula [] []
[2023-11-19T19:00:49.219334+00:00] MyLogger.INFO: Login correcto usuario: paula [] []
[2023-11-19T19:00:58.115687+00:00] MyLogger.INFO: Login correcto usuario: paula [] []
[2023-11-19T19:01:06.802550+00:00] MyLogger.INFO: Login correcto usuario: maria [] []
[2023-11-19T19:01:18.697503+00:00] MyLogger.INFO: Login correcto usuario: manolo [] []
[2023-11-19T19:01:28.290586+00:00] MyLogger.INFO: Login correcto usuario: maria [] []
[2023-11-19T19:03:04.130440+00:00] MyLogger.WARNING: Login incorrecto usuario: paula [] []
[2023-11-19T19:03:10.871792+00:00] MyLogger.INFO: Login correcto usuario: paula [] []
[2023-11-19T19:05:32.844852+00:00] MyLogger.WARNING: Login incorrecto usuario: maria [] []
[2023-11-19T19:05:42.092566+00:00] MyLogger.WARNING: Login incorrecto usuario: maria [] []
[2023-11-19T19:10:04.078822+00:00] MyLogger.INFO: Login correcto usuario: maria [] []
[2023-11-19T19:10:14.880981+00:00] MyLogger.WARNING: Login incorrecto usuario: paula [] []
[2023-11-19T19:10:20.265795+00:00] MyLogger.INFO: Login correcto usuario: paula [] []
[2023-11-19T19:10:31.247133+00:00] MyLogger.INFO: Login correcto usuario: manolo [] []
[2023-11-19T19:10:38.478506+00:00] MyLogger.INFO: Login correcto usuario: maria [] []
[2023-11-21T10:52:18.705719+00:00] MyLogger.INFO: Login correcto usuario: maria [] []
[2023-11-21T10:52:26.056306+00:00] MyLogger.INFO: Login correcto usuario: maria [] []
