[2023-11-14T18:41:16.874250+00:00] LogoutLogger.INFO: Logout correcto usuario: maria [] []
[2023-11-16T10:18:59.366356+00:00] LogoutLogger.INFO: Logout correcto usuario: maria [] []
[2023-11-16T17:23:13.712025+00:00] LogoutLogger.INFO: Logout correcto usuario: maria [] []
[2023-11-16T17:23:35.231387+00:00] LogoutLogger.INFO: Logout correcto usuario: maria [] []
[2023-11-19T18:14:35.002672+00:00] LogoutLogger.INFO: Logout correcto usuario: paula [] []
[2023-11-19T18:15:29.605194+00:00] LogoutLogger.INFO: Logout correcto usuario: paula [] []
[2023-11-19T18:15:41.689138+00:00] LogoutLogger.INFO: Logout correcto usuario: maria [] []
[2023-11-19T18:18:02.807932+00:00] LogoutLogger.INFO: Logout correcto usuario: paula [] []
[2023-11-19T18:18:32.800656+00:00] LogoutLogger.INFO: Logout correcto usuario: paula [] []
[2023-11-19T18:25:13.949331+00:00] LogoutLogger.INFO: Logout correcto usuario: marisa [] []
[2023-11-19T18:26:00.530066+00:00] LogoutLogger.INFO: Logout correcto usuario: maria [] []
[2023-11-19T18:26:31.863422+00:00] LogoutLogger.INFO: Logout correcto usuario: maria [] []
[2023-11-19T18:29:14.960108+00:00] LogoutLogger.INFO: Logout correcto usuario: ana maria [] []
[2023-11-19T18:29:50.687768+00:00] LogoutLogger.INFO: Logout correcto usuario: ana [] []
[2023-11-19T18:30:06.376295+00:00] LogoutLogger.INFO: Logout correcto usuario: maria [] []
[2023-11-19T18:30:18.671396+00:00] LogoutLogger.INFO: Logout correcto usuario: paula [] []
[2023-11-19T18:30:28.828783+00:00] LogoutLogger.INFO: Logout correcto usuario: ana [] []
[2023-11-19T18:30:46.361873+00:00] LogoutLogger.INFO: Logout correcto usuario: ana maria [] []
[2023-11-19T18:51:31.442842+00:00] LogoutLogger.INFO: Logout correcto usuario: maria [] []
[2023-11-19T18:53:38.372277+00:00] LogoutLogger.INFO: Logout correcto usuario: maria [] []
[2023-11-19T19:00:18.315953+00:00] LogoutLogger.INFO: Logout correcto usuario: manolo [] []
[2023-11-19T19:00:36.602826+00:00] LogoutLogger.INFO: Logout correcto usuario: maria [] []
[2023-11-19T19:01:01.145881+00:00] LogoutLogger.INFO: Logout correcto usuario: paula [] []
[2023-11-19T19:01:08.909726+00:00] LogoutLogger.INFO: Logout correcto usuario: maria [] []
[2023-11-19T19:01:21.116627+00:00] LogoutLogger.INFO: Logout correcto usuario: manolo [] []
[2023-11-19T19:02:57.536498+00:00] LogoutLogger.INFO: Logout correcto usuario: maria [] []
[2023-11-19T19:03:20.286714+00:00] LogoutLogger.INFO: Logout correcto usuario: paula [] []
[2023-11-19T19:10:05.589763+00:00] LogoutLogger.INFO: Logout correcto usuario: maria [] []
[2023-11-19T19:10:22.611478+00:00] LogoutLogger.INFO: Logout correcto usuario: paula [] []
[2023-11-19T19:10:33.377741+00:00] LogoutLogger.INFO: Logout correcto usuario: manolo [] []
[2023-11-19T19:15:47.961169+00:00] LogoutLogger.INFO: Logout correcto usuario: maria [] []
[2023-11-19T19:25:48.155276+00:00] LogoutLogger.INFO: Logout correcto usuario: jose [] []
